<?xml version="1.0" encoding="UTF-8"?>
<!-- Generated by org.testng.reporters.JUnitReportReporter -->
<testsuite hostname="EC2AMAZ-S11DBRH" failures="0" tests="3" name="testScripts.PlaceOrderTest" time="1.793" errors="0" timestamp="2024-05-03T11:36:55 GMT" skipped="0">
  <testcase classname="testScripts.PlaceOrderTest" name="validLogin" time="0.921"/>
  <system-out/>
  <testcase classname="testScripts.PlaceOrderTest" name="addItem" time="0.288"/>
  <system-out/>
  <testcase classname="testScripts.PlaceOrderTest" name="chkoutTest" time="0.584"/>
  <system-out/>
</testsuite> <!-- testScripts.PlaceOrderTest -->
